<?xml version="1.0" encoding="UTF-8"?>
<testsuite name="r5a08_findmyword.wordTest" tests="2" skipped="0" failures="0" errors="0" timestamp="2024-09-29T17:18:37" hostname="ALAE" time="0.015">
  <properties/>
  <testcase name="should_check_one_incorrect_letter()" classname="r5a08_findmyword.wordTest" time="0.014"/>
  <testcase name="should_check_one_correct_letter()" classname="r5a08_findmyword.wordTest" time="0.0"/>
  <system-out><![CDATA[]]></system-out>
  <system-err><![CDATA[]]></system-err>
</testsuite>
